<?xml version="1.0" encoding="UTF-8"?>
<!-- Generated by org.testng.reporters.JUnitXMLReporter -->
<testsuite hostname="DESKTOP-FH0G06M" ignored="0" name="Default test" tests="1" failures="0" timestamp="2022-09-12T21:30:39 IST" time="0.072" errors="0">
  <testcase name="@BeforeSuite s9" time="5.173" classname="org.facebook.FaceBook">
    <failure type="org.openqa.selenium.WebDriverException" message="Cannot find firefox binary in PATH. Make sure firefox is installed. OS appears to be: WIN10
Build info: version: &amp;apos;3.141.59&amp;apos;, revision: &amp;apos;e82be7d358&amp;apos;, time: &amp;apos;2018-11-14T08:17:03&amp;apos;
System info: host: &amp;apos;DESKTOP-FH0G06M&amp;apos;, ip: &amp;apos;192.168.1.13&amp;apos;, os.name: &amp;apos;Windows 10&amp;apos;, os.arch: &amp;apos;amd64&amp;apos;, os.version: &amp;apos;10.0&amp;apos;, java.version: &amp;apos;1.8.0_202&amp;apos;
Driver info: driver.version: unknown">
      <![CDATA[org.openqa.selenium.WebDriverException: Cannot find firefox binary in PATH. Make sure firefox is installed. OS appears to be: WIN10
Build info: version: '3.141.59', revision: 'e82be7d358', time: '2018-11-14T08:17:03'
System info: host: 'DESKTOP-FH0G06M', ip: '192.168.1.13', os.name: 'Windows 10', os.arch: 'amd64', os.version: '10.0', java.version: '1.8.0_202'
Driver info: driver.version: unknown
at org.openqa.selenium.firefox.FirefoxBinary.<init>(FirefoxBinary.java:100)
at org.facebook.FaceBook.s9(FaceBook.java:83)
at sun.reflect.NativeMethodAccessorImpl.invoke0(Native Method)
at sun.reflect.NativeMethodAccessorImpl.invoke(Unknown Source)
at sun.reflect.DelegatingMethodAccessorImpl.invoke(Unknown Source)
at java.lang.reflect.Method.invoke(Unknown Source)
at org.testng.internal.MethodInvocationHelper.invokeMethod(MethodInvocationHelper.java:133)
at org.testng.internal.MethodInvocationHelper.invokeMethodConsideringTimeout(MethodInvocationHelper.java:62)
at org.testng.internal.ConfigInvoker.invokeConfigurationMethod(ConfigInvoker.java:385)
at org.testng.internal.ConfigInvoker.invokeConfigurations(ConfigInvoker.java:321)
at org.testng.SuiteRunner.privateRun(SuiteRunner.java:317)
at org.testng.SuiteRunner.run(SuiteRunner.java:276)
at org.testng.SuiteRunnerWorker.runSuite(SuiteRunnerWorker.java:53)
at org.testng.SuiteRunnerWorker.run(SuiteRunnerWorker.java:96)
at org.testng.TestNG.runSuitesSequentially(TestNG.java:1212)
at org.testng.TestNG.runSuitesLocally(TestNG.java:1134)
at org.testng.TestNG.runSuites(TestNG.java:1063)
at org.testng.TestNG.run(TestNG.java:1031)
at org.testng.remote.AbstractRemoteTestNG.run(AbstractRemoteTestNG.java:115)
at org.testng.remote.RemoteTestNG.initAndRun(RemoteTestNG.java:251)
at org.testng.remote.RemoteTestNG.main(RemoteTestNG.java:77)
]]>
    </failure>
  </testcase> <!-- @BeforeSuite s9 -->
  <testcase name="@BeforeTest s8" time="-1.662998438993E9" classname="org.facebook.FaceBook">
    <skipped/>
  </testcase> <!-- @BeforeTest s8 -->
  <testcase name="@BeforeClass s7" time="-1.662998439021E9" classname="org.facebook.FaceBook">
    <skipped/>
  </testcase> <!-- @BeforeClass s7 -->
  <testcase name="@BeforeMethod s6" time="-1.662998439039E9" classname="org.facebook.FaceBook">
    <skipped/>
  </testcase> <!-- @BeforeMethod s6 -->
  <testcase name="@AfterMethod s4" time="-1.662998439053E9" classname="org.facebook.FaceBook">
    <skipped/>
  </testcase> <!-- @AfterMethod s4 -->
  <testcase name="@AfterClass s3" time="-1.662998439056E9" classname="org.facebook.FaceBook">
    <skipped/>
  </testcase> <!-- @AfterClass s3 -->
  <testcase name="@AfterTest s2" time="-1.662998439059E9" classname="org.facebook.FaceBook">
    <skipped/>
  </testcase> <!-- @AfterTest s2 -->
  <testcase name="s5" time="0.0" classname="org.facebook.FaceBook">
    <skipped/>
  </testcase> <!-- s5 -->
</testsuite> <!-- Default test -->
